{"/Users/wes/personal/mecha-js/src/index.js":{"path":"/Users/wes/personal/mecha-js/src/index.js","s":{"1":1},"b":{},"f":{},"fnMap":{},"statementMap":{"1":{"start":{"line":1,"column":0},"end":{"line":4,"column":1}}},"branchMap":{}},"/Users/wes/personal/mecha-js/src/base.js":{"path":"/Users/wes/personal/mecha-js/src/base.js","s":{"1":1},"b":{},"f":{"1":11},"fnMap":{"1":{"name":"(anonymous_1)","line":2,"loc":{"start":{"line":2,"column":14},"end":{"line":2,"column":17}}}},"statementMap":{"1":{"start":{"line":7,"column":0},"end":{"line":7,"column":22}}},"branchMap":{}},"/Users/wes/personal/mecha-js/src/json.js":{"path":"/Users/wes/personal/mecha-js/src/json.js","s":{"1":1,"2":1,"3":1,"4":11,"5":11,"6":11,"7":10,"8":9,"9":8,"10":8,"11":8,"12":2,"13":1,"14":1,"15":1,"16":4,"17":9,"18":9,"19":4,"20":9,"21":4,"22":9,"23":1,"24":8,"25":8,"26":8,"27":8,"28":25,"29":25,"30":20,"31":8,"32":8,"33":8,"34":2,"35":12,"36":10,"37":4,"38":6,"39":6,"40":32,"41":6,"42":4,"43":2,"44":5,"45":4,"46":4,"47":2,"48":1,"49":10,"50":7,"51":7,"52":3,"53":9,"54":1,"55":8,"56":4,"57":8,"58":4,"59":6,"60":6,"61":6,"62":5,"63":1,"64":4,"65":4,"66":4,"67":2,"68":3,"69":3,"70":3,"71":10,"72":3,"73":3,"74":3,"75":3,"76":1},"b":{"1":[8,1],"2":[2,6],"3":[1,1],"4":[4,5],"5":[4,5],"6":[1,8],"7":[9,5],"8":[8,4],"9":[8,4],"10":[20,5],"11":[8,12],"12":[2,6],"13":[10,2],"14":[4,6],"15":[10,8],"16":[4,2],"17":[4,1],"18":[2,2],"19":[3,4],"20":[1,8],"21":[4,4],"22":[4,4],"23":[3,3],"24":[1,4],"25":[2,2]},"f":{"1":11,"2":9,"3":25,"4":7,"5":9,"6":5,"7":10},"fnMap":{"1":{"name":"(anonymous_1)","line":6,"loc":{"start":{"line":6,"column":14},"end":{"line":6,"column":29}}},"2":{"name":"(anonymous_2)","line":30,"loc":{"start":{"line":30,"column":6},"end":{"line":30,"column":24}}},"3":{"name":"(anonymous_3)","line":44,"loc":{"start":{"line":44,"column":7},"end":{"line":44,"column":16}}},"4":{"name":"(anonymous_4)","line":75,"loc":{"start":{"line":75,"column":12},"end":{"line":75,"column":21}}},"5":{"name":"(anonymous_5)","line":80,"loc":{"start":{"line":80,"column":9},"end":{"line":80,"column":18}}},"6":{"name":"(anonymous_6)","line":91,"loc":{"start":{"line":91,"column":9},"end":{"line":91,"column":23}}},"7":{"name":"(anonymous_7)","line":104,"loc":{"start":{"line":104,"column":10},"end":{"line":104,"column":19}}}},"statementMap":{"1":{"start":{"line":1,"column":0},"end":{"line":1,"column":30}},"2":{"start":{"line":2,"column":0},"end":{"line":2,"column":26}},"3":{"start":{"line":3,"column":0},"end":{"line":3,"column":31}},"4":{"start":{"line":7,"column":4},"end":{"line":7,"column":11}},"5":{"start":{"line":8,"column":4},"end":{"line":27,"column":5}},"6":{"start":{"line":9,"column":6},"end":{"line":9,"column":53}},"7":{"start":{"line":10,"column":6},"end":{"line":10,"column":39}},"8":{"start":{"line":12,"column":6},"end":{"line":24,"column":7}},"9":{"start":{"line":13,"column":8},"end":{"line":13,"column":29}},"10":{"start":{"line":14,"column":8},"end":{"line":14,"column":25}},"11":{"start":{"line":15,"column":8},"end":{"line":21,"column":9}},"12":{"start":{"line":16,"column":10},"end":{"line":20,"column":11}},"13":{"start":{"line":17,"column":12},"end":{"line":17,"column":33}},"14":{"start":{"line":19,"column":12},"end":{"line":19,"column":73}},"15":{"start":{"line":23,"column":8},"end":{"line":23,"column":58}},"16":{"start":{"line":26,"column":6},"end":{"line":26,"column":17}},"17":{"start":{"line":31,"column":4},"end":{"line":31,"column":31}},"18":{"start":{"line":33,"column":4},"end":{"line":33,"column":62}},"19":{"start":{"line":33,"column":35},"end":{"line":33,"column":62}},"20":{"start":{"line":34,"column":4},"end":{"line":34,"column":46}},"21":{"start":{"line":34,"column":33},"end":{"line":34,"column":46}},"22":{"start":{"line":35,"column":4},"end":{"line":35,"column":114}},"23":{"start":{"line":35,"column":58},"end":{"line":35,"column":114}},"24":{"start":{"line":37,"column":4},"end":{"line":37,"column":38}},"25":{"start":{"line":38,"column":4},"end":{"line":38,"column":59}},"26":{"start":{"line":39,"column":4},"end":{"line":39,"column":40}},"27":{"start":{"line":41,"column":4},"end":{"line":41,"column":17}},"28":{"start":{"line":45,"column":4},"end":{"line":45,"column":31}},"29":{"start":{"line":47,"column":4},"end":{"line":70,"column":5}},"30":{"start":{"line":48,"column":6},"end":{"line":63,"column":7}},"31":{"start":{"line":49,"column":8},"end":{"line":49,"column":29}},"32":{"start":{"line":50,"column":8},"end":{"line":50,"column":28}},"33":{"start":{"line":52,"column":8},"end":{"line":52,"column":94}},"34":{"start":{"line":52,"column":34},"end":{"line":52,"column":94}},"35":{"start":{"line":53,"column":13},"end":{"line":63,"column":7}},"36":{"start":{"line":54,"column":8},"end":{"line":56,"column":9}},"37":{"start":{"line":55,"column":10},"end":{"line":55,"column":75}},"38":{"start":{"line":58,"column":8},"end":{"line":58,"column":39}},"39":{"start":{"line":59,"column":8},"end":{"line":59,"column":53}},"40":{"start":{"line":59,"column":35},"end":{"line":59,"column":52}},"41":{"start":{"line":60,"column":8},"end":{"line":60,"column":113}},"42":{"start":{"line":60,"column":34},"end":{"line":60,"column":113}},"43":{"start":{"line":62,"column":8},"end":{"line":62,"column":80}},"44":{"start":{"line":64,"column":11},"end":{"line":70,"column":5}},"45":{"start":{"line":65,"column":6},"end":{"line":65,"column":31}},"46":{"start":{"line":67,"column":6},"end":{"line":67,"column":99}},"47":{"start":{"line":67,"column":32},"end":{"line":67,"column":99}},"48":{"start":{"line":69,"column":6},"end":{"line":69,"column":78}},"49":{"start":{"line":72,"column":4},"end":{"line":72,"column":17}},"50":{"start":{"line":76,"column":4},"end":{"line":76,"column":75}},"51":{"start":{"line":77,"column":4},"end":{"line":77,"column":26}},"52":{"start":{"line":77,"column":15},"end":{"line":77,"column":26}},"53":{"start":{"line":81,"column":4},"end":{"line":81,"column":79}},"54":{"start":{"line":81,"column":27},"end":{"line":81,"column":79}},"55":{"start":{"line":82,"column":4},"end":{"line":82,"column":49}},"56":{"start":{"line":82,"column":32},"end":{"line":82,"column":49}},"57":{"start":{"line":84,"column":4},"end":{"line":84,"column":63}},"58":{"start":{"line":84,"column":22},"end":{"line":84,"column":63}},"59":{"start":{"line":85,"column":4},"end":{"line":85,"column":50}},"60":{"start":{"line":86,"column":4},"end":{"line":86,"column":48}},"61":{"start":{"line":88,"column":4},"end":{"line":88,"column":49}},"62":{"start":{"line":92,"column":4},"end":{"line":92,"column":79}},"63":{"start":{"line":92,"column":27},"end":{"line":92,"column":79}},"64":{"start":{"line":94,"column":4},"end":{"line":94,"column":34}},"65":{"start":{"line":95,"column":4},"end":{"line":95,"column":47}},"66":{"start":{"line":97,"column":4},"end":{"line":97,"column":44}},"67":{"start":{"line":97,"column":22},"end":{"line":97,"column":44}},"68":{"start":{"line":98,"column":4},"end":{"line":98,"column":41}},"69":{"start":{"line":100,"column":4},"end":{"line":100,"column":48}},"70":{"start":{"line":101,"column":4},"end":{"line":101,"column":17}},"71":{"start":{"line":105,"column":4},"end":{"line":105,"column":34}},"72":{"start":{"line":106,"column":4},"end":{"line":106,"column":47}},"73":{"start":{"line":107,"column":4},"end":{"line":107,"column":33}},"74":{"start":{"line":109,"column":4},"end":{"line":109,"column":48}},"75":{"start":{"line":110,"column":4},"end":{"line":110,"column":18}},"76":{"start":{"line":114,"column":0},"end":{"line":114,"column":26}}},"branchMap":{"1":{"line":12,"type":"if","locations":[{"start":{"line":12,"column":6},"end":{"line":12,"column":6}},{"start":{"line":12,"column":6},"end":{"line":12,"column":6}}]},"2":{"line":15,"type":"if","locations":[{"start":{"line":15,"column":8},"end":{"line":15,"column":8}},{"start":{"line":15,"column":8},"end":{"line":15,"column":8}}]},"3":{"line":16,"type":"if","locations":[{"start":{"line":16,"column":10},"end":{"line":16,"column":10}},{"start":{"line":16,"column":10},"end":{"line":16,"column":10}}]},"4":{"line":33,"type":"if","locations":[{"start":{"line":33,"column":4},"end":{"line":33,"column":4}},{"start":{"line":33,"column":4},"end":{"line":33,"column":4}}]},"5":{"line":34,"type":"if","locations":[{"start":{"line":34,"column":4},"end":{"line":34,"column":4}},{"start":{"line":34,"column":4},"end":{"line":34,"column":4}}]},"6":{"line":35,"type":"if","locations":[{"start":{"line":35,"column":4},"end":{"line":35,"column":4}},{"start":{"line":35,"column":4},"end":{"line":35,"column":4}}]},"7":{"line":35,"type":"binary-expr","locations":[{"start":{"line":35,"column":8},"end":{"line":35,"column":35}},{"start":{"line":35,"column":39},"end":{"line":35,"column":56}}]},"8":{"line":37,"type":"binary-expr","locations":[{"start":{"line":37,"column":19},"end":{"line":37,"column":33}},{"start":{"line":37,"column":37},"end":{"line":37,"column":38}}]},"9":{"line":38,"type":"binary-expr","locations":[{"start":{"line":38,"column":19},"end":{"line":38,"column":41}},{"start":{"line":38,"column":46},"end":{"line":38,"column":59}}]},"10":{"line":47,"type":"if","locations":[{"start":{"line":47,"column":4},"end":{"line":47,"column":4}},{"start":{"line":47,"column":4},"end":{"line":47,"column":4}}]},"11":{"line":48,"type":"if","locations":[{"start":{"line":48,"column":6},"end":{"line":48,"column":6}},{"start":{"line":48,"column":6},"end":{"line":48,"column":6}}]},"12":{"line":52,"type":"if","locations":[{"start":{"line":52,"column":8},"end":{"line":52,"column":8}},{"start":{"line":52,"column":8},"end":{"line":52,"column":8}}]},"13":{"line":53,"type":"if","locations":[{"start":{"line":53,"column":13},"end":{"line":53,"column":13}},{"start":{"line":53,"column":13},"end":{"line":53,"column":13}}]},"14":{"line":54,"type":"if","locations":[{"start":{"line":54,"column":8},"end":{"line":54,"column":8}},{"start":{"line":54,"column":8},"end":{"line":54,"column":8}}]},"15":{"line":54,"type":"binary-expr","locations":[{"start":{"line":54,"column":12},"end":{"line":54,"column":36}},{"start":{"line":54,"column":40},"end":{"line":54,"column":61}}]},"16":{"line":60,"type":"if","locations":[{"start":{"line":60,"column":8},"end":{"line":60,"column":8}},{"start":{"line":60,"column":8},"end":{"line":60,"column":8}}]},"17":{"line":64,"type":"if","locations":[{"start":{"line":64,"column":11},"end":{"line":64,"column":11}},{"start":{"line":64,"column":11},"end":{"line":64,"column":11}}]},"18":{"line":67,"type":"if","locations":[{"start":{"line":67,"column":6},"end":{"line":67,"column":6}},{"start":{"line":67,"column":6},"end":{"line":67,"column":6}}]},"19":{"line":77,"type":"if","locations":[{"start":{"line":77,"column":4},"end":{"line":77,"column":4}},{"start":{"line":77,"column":4},"end":{"line":77,"column":4}}]},"20":{"line":81,"type":"if","locations":[{"start":{"line":81,"column":4},"end":{"line":81,"column":4}},{"start":{"line":81,"column":4},"end":{"line":81,"column":4}}]},"21":{"line":82,"type":"if","locations":[{"start":{"line":82,"column":4},"end":{"line":82,"column":4}},{"start":{"line":82,"column":4},"end":{"line":82,"column":4}}]},"22":{"line":84,"type":"if","locations":[{"start":{"line":84,"column":4},"end":{"line":84,"column":4}},{"start":{"line":84,"column":4},"end":{"line":84,"column":4}}]},"23":{"line":88,"type":"cond-expr","locations":[{"start":{"line":88,"column":31},"end":{"line":88,"column":37}},{"start":{"line":88,"column":40},"end":{"line":88,"column":49}}]},"24":{"line":92,"type":"if","locations":[{"start":{"line":92,"column":4},"end":{"line":92,"column":4}},{"start":{"line":92,"column":4},"end":{"line":92,"column":4}}]},"25":{"line":97,"type":"if","locations":[{"start":{"line":97,"column":4},"end":{"line":97,"column":4}},{"start":{"line":97,"column":4},"end":{"line":97,"column":4}}]}}}}