TN:
SF:/Users/wes/personal/mecha-js/src/index.js
FNF:0
FNH:0
DA:1,1
LF:1
LH:1
BRF:0
BRH:0
end_of_record
TN:
SF:/Users/wes/personal/mecha-js/src/base.js
FN:2,(anonymous_1)
FNF:1
FNH:1
FNDA:11,(anonymous_1)
DA:7,1
LF:1
LH:1
BRF:0
BRH:0
end_of_record
TN:
SF:/Users/wes/personal/mecha-js/src/json.js
FN:6,(anonymous_1)
FN:30,(anonymous_2)
FN:44,(anonymous_3)
FN:75,(anonymous_4)
FN:80,(anonymous_5)
FN:91,(anonymous_6)
FN:104,(anonymous_7)
FNF:7
FNH:7
FNDA:11,(anonymous_1)
FNDA:9,(anonymous_2)
FNDA:25,(anonymous_3)
FNDA:7,(anonymous_4)
FNDA:9,(anonymous_5)
FNDA:5,(anonymous_6)
FNDA:10,(anonymous_7)
DA:1,1
DA:2,1
DA:3,1
DA:7,11
DA:8,11
DA:9,11
DA:10,10
DA:12,9
DA:13,8
DA:14,8
DA:15,8
DA:16,2
DA:17,1
DA:19,1
DA:23,1
DA:26,4
DA:31,9
DA:33,9
DA:34,9
DA:35,9
DA:37,8
DA:38,8
DA:39,8
DA:41,8
DA:45,25
DA:47,25
DA:48,20
DA:49,8
DA:50,8
DA:52,8
DA:53,12
DA:54,10
DA:55,4
DA:58,6
DA:59,32
DA:60,6
DA:62,2
DA:64,5
DA:65,4
DA:67,4
DA:69,1
DA:72,10
DA:76,7
DA:77,7
DA:81,9
DA:82,8
DA:84,8
DA:85,6
DA:86,6
DA:88,6
DA:92,5
DA:94,4
DA:95,4
DA:97,4
DA:98,3
DA:100,3
DA:101,3
DA:105,10
DA:106,3
DA:107,3
DA:109,3
DA:110,3
DA:114,1
LF:63
LH:63
BRDA:12,1,0,8
BRDA:12,1,1,1
BRDA:15,2,0,2
BRDA:15,2,1,6
BRDA:16,3,0,1
BRDA:16,3,1,1
BRDA:33,4,0,4
BRDA:33,4,1,5
BRDA:34,5,0,4
BRDA:34,5,1,5
BRDA:35,6,0,1
BRDA:35,6,1,8
BRDA:35,7,0,9
BRDA:35,7,1,5
BRDA:37,8,0,8
BRDA:37,8,1,4
BRDA:38,9,0,8
BRDA:38,9,1,4
BRDA:47,10,0,20
BRDA:47,10,1,5
BRDA:48,11,0,8
BRDA:48,11,1,12
BRDA:52,12,0,2
BRDA:52,12,1,6
BRDA:53,13,0,10
BRDA:53,13,1,2
BRDA:54,14,0,4
BRDA:54,14,1,6
BRDA:54,15,0,10
BRDA:54,15,1,8
BRDA:60,16,0,4
BRDA:60,16,1,2
BRDA:64,17,0,4
BRDA:64,17,1,1
BRDA:67,18,0,2
BRDA:67,18,1,2
BRDA:77,19,0,3
BRDA:77,19,1,4
BRDA:81,20,0,1
BRDA:81,20,1,8
BRDA:82,21,0,4
BRDA:82,21,1,4
BRDA:84,22,0,4
BRDA:84,22,1,4
BRDA:88,23,0,3
BRDA:88,23,1,3
BRDA:92,24,0,1
BRDA:92,24,1,4
BRDA:97,25,0,2
BRDA:97,25,1,2
BRF:50
BRH:50
end_of_record
